Arguments: 
  /Users/olivier/.nvm/versions/node/v12.16.1/bin/node /usr/local/Cellar/yarn/1.22.4/libexec/bin/yarn.js add -P react-native

PATH: 
  /Users/olivier/Developer/Misc/google-cloud-sdk/bin:/Users/olivier/.nvm/versions/node/v12.16.1/bin:/usr/local/bin:/usr/bin:/bin:/usr/sbin:/sbin:/usr/local/share/dotnet:~/.dotnet/tools:/Library/Frameworks/Mono.framework/Versions/Current/Commands:/Users/olivier/Developer/Go/bin:/usr/local/opt/go/libexec/bin:/usr/local/Cellar/python/3.6.5_1/bin:/Users/olivier/.fzf/bin

Yarn version: 
  1.22.4

Node version: 
  12.16.1

Platform: 
  darwin x64

Trace: 
  SyntaxError: /Users/olivier/Developer/Personal/React-Native/react-native-reanimation/package.json: Unexpected token } in JSON at position 763
      at JSON.parse (<anonymous>)
      at /usr/local/Cellar/yarn/1.22.4/libexec/lib/cli.js:1625:59
      at Generator.next (<anonymous>)
      at step (/usr/local/Cellar/yarn/1.22.4/libexec/lib/cli.js:310:30)
      at /usr/local/Cellar/yarn/1.22.4/libexec/lib/cli.js:321:13

npm manifest: 
  {
    "name": "react-native-reanimation",
    "version": "0.0.1",
    "description": "Merging the simplicity of react-native-animatible with the performance of react-native-reanimated using hooks",
    "main": "dist/index.js",
    "types": "dist/index.d.ts",
    "scripts": {
      "test": "echo \"Error: no test specified\" && exit 1"
    },
    "prepublish": "tsc",
    "keywords": [
      "react-native",
      "react",
      "native",
      "animation",
      "reanimation",
      "animated",
      "reanimated",
      "animatible",
      "reanimatible",
      "hooks"
    ],
    "author": "Olivier Wilkinson",
    "license": "ISC",
    "dependencies": {
      "lodash": "^4.17.15"
    },
    "peerDependencies": {
      "react": "^16.0.0",
      "react-native": "^0.60.0",
      "react-native-reanimated": "^1.8.0",
    },
    "devDependencies": {
      "@types/lodash": "^4.14.150",
      "@types/react": "^16.9.34",
      "typescript": "^3.8.3"
    }
  }

yarn manifest: 
  No manifest

Lockfile: 
  # THIS IS AN AUTOGENERATED FILE. DO NOT EDIT THIS FILE DIRECTLY.
  # yarn lockfile v1
  
  
  "@types/lodash@^4.14.150":
    version "4.14.150"
    resolved "https://registry.yarnpkg.com/@types/lodash/-/lodash-4.14.150.tgz#649fe44684c3f1fcb6164d943c5a61977e8cf0bd"
    integrity sha512-kMNLM5JBcasgYscD9x/Gvr6lTAv2NVgsKtet/hm93qMyf/D1pt+7jeEZklKJKxMVmXjxbRVQQGfqDSfipYCO6w==
  
  "@types/prop-types@*":
    version "15.7.3"
    resolved "https://registry.yarnpkg.com/@types/prop-types/-/prop-types-15.7.3.tgz#2ab0d5da2e5815f94b0b9d4b95d1e5f243ab2ca7"
    integrity sha512-KfRL3PuHmqQLOG+2tGpRO26Ctg+Cq1E01D2DMriKEATHgWLfeNDmq9e29Q9WIky0dQ3NPkd1mzYH8Lm936Z9qw==
  
  "@types/react@^16.9.34":
    version "16.9.34"
    resolved "https://registry.yarnpkg.com/@types/react/-/react-16.9.34.tgz#f7d5e331c468f53affed17a8a4d488cd44ea9349"
    integrity sha512-8AJlYMOfPe1KGLKyHpflCg5z46n0b5DbRfqDksxBLBTUpB75ypDBAO9eCUcjNwE6LCUslwTz00yyG/X9gaVtow==
    dependencies:
      "@types/prop-types" "*"
      csstype "^2.2.0"
  
  csstype@^2.2.0:
    version "2.6.10"
    resolved "https://registry.yarnpkg.com/csstype/-/csstype-2.6.10.tgz#e63af50e66d7c266edb6b32909cfd0aabe03928b"
    integrity sha512-D34BqZU4cIlMCY93rZHbrq9pjTAQJ3U8S8rfBqjwHxkGPThWFjzZDQpgMJY0QViLxth6ZKYiwFBo14RdN44U/w==
  
  lodash@^4.17.15:
    version "4.17.15"
    resolved "https://registry.yarnpkg.com/lodash/-/lodash-4.17.15.tgz#b447f6670a0455bbfeedd11392eff330ea097548"
    integrity sha512-8xOcRHvCjnocdS5cpwXQXVzmmh5e5+saE2QGoeQmbKmRS6J3VQppPOIt0MnmE+4xlZoumy0GPG0D0MVIQbNA1A==
  
  typescript@^3.8.3:
    version "3.8.3"
    resolved "https://registry.yarnpkg.com/typescript/-/typescript-3.8.3.tgz#409eb8544ea0335711205869ec458ab109ee1061"
    integrity sha512-MYlEfn5VrLNsgudQTVJeNaQFUAI7DkhnOjdpAp4T+ku1TfQClewlbSuTVHiA+8skNBgaf02TL/kLOvig4y3G8w==
